  main.cpp
D:\First_task\main.cpp(42,26): warning C4305: 'initializing': truncation from 'double' to 'GLfloat'
D:\First_task\main.cpp(136,42): warning C4305: 'initializing': truncation from 'double' to 'GLfloat'
D:\First_task\main.cpp(158,24): warning C4244: 'initializing': conversion from 'double' to 'GLfloat', possible loss of data
D:\First_task\main.cpp(159,24): warning C4244: 'initializing': conversion from 'double' to 'GLfloat', possible loss of data
D:\First_task\main.cpp(188,82): warning C4267: 'argument': conversion from 'size_t' to 'int', possible loss of data
D:\First_task\main.cpp(191,91): warning C4267: 'argument': conversion from 'size_t' to 'int', possible loss of data
D:\First_task\main.cpp(192,93): warning C4267: 'argument': conversion from 'size_t' to 'int', possible loss of data
D:\First_task\main.cpp(241,66): warning C4244: 'argument': conversion from 'double' to 'GLfloat', possible loss of data
D:\First_task\main.cpp(241,63): warning C4244: 'argument': conversion from 'double' to 'GLfloat', possible loss of data
D:\First_task\main.cpp(249,24): warning C4244: 'initializing': conversion from 'double' to 'GLfloat', possible loss of data
D:\First_task\main.cpp(250,24): warning C4244: 'initializing': conversion from 'double' to 'GLfloat', possible loss of data
D:\First_task\main.cpp(278,82): warning C4267: 'argument': conversion from 'size_t' to 'int', possible loss of data
D:\First_task\main.cpp(281,91): warning C4267: 'argument': conversion from 'size_t' to 'int', possible loss of data
D:\First_task\main.cpp(282,93): warning C4267: 'argument': conversion from 'size_t' to 'int', possible loss of data
D:\First_task\main.cpp(374,87): warning C4267: 'argument': conversion from 'size_t' to 'int', possible loss of data
D:\First_task\main.cpp(375,89): warning C4267: 'argument': conversion from 'size_t' to 'int', possible loss of data
D:\First_task\main.cpp(384,78): warning C4267: 'argument': conversion from 'size_t' to 'int', possible loss of data
D:\First_task\main.cpp(463,65): warning C4267: 'argument': conversion from 'size_t' to 'GLsizei', possible loss of data
D:\First_task\main.cpp(467,62): warning C4267: 'argument': conversion from 'size_t' to 'GLsizei', possible loss of data
D:\First_task\main.cpp(325,20): warning C4101: 'renderer': unreferenced local variable
D:\First_task\main.cpp(326,20): warning C4101: 'version': unreferenced local variable
  OpenGL.vcxproj -> D:\First_task\x64\Debug\OpenGL.exe
